<?xml version="1.0" encoding="UTF-8"?>
<!-- Generated by org.testng.reporters.JUnitXMLReporter -->
<testsuite ignored="1" hostname="DESKTOP-V39QH6A" failures="1" tests="9" name="Test" time="84.304" errors="0" timestamp="2022-11-09T09:27:03 IST">
  <testcase classname="com.testng.practice.ActionsEx2" name="actionEx1" time="7.888"/>
  <testcase classname="com.testng.practice.ActionsEx3" name="actionEx3" time="6.47"/>
  <testcase classname="com.testng.practice.ActionsEx4" name="actionEx4" time="9.349"/>
  <testcase classname="com.testng.practice.WebTableEx" name="webTableEx" time="7.946">
    <failure type="java.lang.AssertionError" message="null">
      <![CDATA[java.lang.AssertionError: null
at com.testng.practice.WebTableEx.webTableEx(WebTableEx.java:48)
at java.base/java.util.concurrent.ThreadPoolExecutor.runWorker(ThreadPoolExecutor.java:1136)
at java.base/java.util.concurrent.ThreadPoolExecutor$Worker.run(ThreadPoolExecutor.java:635)
at java.base/java.lang.Thread.run(Thread.java:833)
... Removed 14 stack frames]]>
    </failure>
  </testcase> <!-- webTableEx -->
  <testcase classname="com.testng.practice.MultipleTests" name="aThird" time="0.002"/>
  <testcase classname="com.testng.practice.MultipleTests" name="cFirst" time="0.003"/>
  <testcase classname="com.testng.practice.MultipleTests" name="dFour" time="0.004"/>
  <testcase classname="com.testng.practice.TestNGProgram" name="FramesEx" time="19.183"/>
  <testcase classname="com.testng.practice.TestNGProgram" name="PositionEx" time="12.025"/>
  <testcase classname="com.testng.practice.MultipleTests" name="bSecond" time="0.0">
    <ignored/>
  </testcase> <!-- bSecond -->
</testsuite> <!-- Test -->
